<?xml version="1.0" encoding="UTF-8"?>
<!-- Generated by org.testng.reporters.JUnitReportReporter -->
<testsuite skipped="0" hostname="Manikandan" name="org.maven.Dataprovider" tests="2" failures="0" timestamp="2022-04-20T19:27:03 IST" time="0.123" errors="0">
  <testcase name="test1" time="0.115" classname="org.maven.Dataprovider"/>
  <system-out/>
  <testcase name="test1" time="0.008" classname="org.maven.Dataprovider"/>
  <system-out/>
</testsuite> <!-- org.maven.Dataprovider -->
